Copyright 1986-2018 Xilinx, Inc. All Rights Reserved.
-----------------------------------------------------------------------------------------------------------------------------------------------------------------------------------------------
| Tool Version : Vivado v.2018.1 (win64) Build 2188600 Wed Apr  4 18:40:38 MDT 2018
| Date         : Wed Jun  7 21:08:58 2023
| Host         : Yasantha-PC running 64-bit major release  (build 9200)
| Command      : report_methodology -file Instruction_Decoder_methodology_drc_routed.rpt -pb Instruction_Decoder_methodology_drc_routed.pb -rpx Instruction_Decoder_methodology_drc_routed.rpx
| Design       : Instruction_Decoder
| Device       : xc7a35tcpg236-1
| Speed File   : -1
| Design State : Routed
-----------------------------------------------------------------------------------------------------------------------------------------------------------------------------------------------

Report Methodology

Table of Contents
-----------------
1. REPORT SUMMARY
2. REPORT DETAILS

1. REPORT SUMMARY
-----------------
            Netlist: netlist
          Floorplan: design_1
      Design limits: <entire design considered>
             Max violations: <unlimited>
             Violations found: 13
+-----------+----------+-------------------+------------+
| Rule      | Severity | Description       | Violations |
+-----------+----------+-------------------+------------+
| TIMING-20 | Warning  | Non-clocked latch | 13         |
+-----------+----------+-------------------+------------+

2. REPORT DETAILS
-----------------
TIMING-20#1 Warning
Non-clocked latch  
The latch ImmediateValue_reg[0] cannot be properly analyzed as its control pin ImmediateValue_reg[0]/G is not reached by a timing clock
Related violations: <none>

TIMING-20#2 Warning
Non-clocked latch  
The latch ImmediateValue_reg[1] cannot be properly analyzed as its control pin ImmediateValue_reg[1]/G is not reached by a timing clock
Related violations: <none>

TIMING-20#3 Warning
Non-clocked latch  
The latch ImmediateValue_reg[2] cannot be properly analyzed as its control pin ImmediateValue_reg[2]/G is not reached by a timing clock
Related violations: <none>

TIMING-20#4 Warning
Non-clocked latch  
The latch ImmediateValue_reg[3] cannot be properly analyzed as its control pin ImmediateValue_reg[3]/G is not reached by a timing clock
Related violations: <none>

TIMING-20#5 Warning
Non-clocked latch  
The latch RegisterEnable_reg[0] cannot be properly analyzed as its control pin RegisterEnable_reg[0]/G is not reached by a timing clock
Related violations: <none>

TIMING-20#6 Warning
Non-clocked latch  
The latch RegisterEnable_reg[1] cannot be properly analyzed as its control pin RegisterEnable_reg[1]/G is not reached by a timing clock
Related violations: <none>

TIMING-20#7 Warning
Non-clocked latch  
The latch RegisterEnable_reg[2] cannot be properly analyzed as its control pin RegisterEnable_reg[2]/G is not reached by a timing clock
Related violations: <none>

TIMING-20#8 Warning
Non-clocked latch  
The latch RegisterSelectA_reg[0] cannot be properly analyzed as its control pin RegisterSelectA_reg[0]/G is not reached by a timing clock
Related violations: <none>

TIMING-20#9 Warning
Non-clocked latch  
The latch RegisterSelectA_reg[1] cannot be properly analyzed as its control pin RegisterSelectA_reg[1]/G is not reached by a timing clock
Related violations: <none>

TIMING-20#10 Warning
Non-clocked latch  
The latch RegisterSelectA_reg[2] cannot be properly analyzed as its control pin RegisterSelectA_reg[2]/G is not reached by a timing clock
Related violations: <none>

TIMING-20#11 Warning
Non-clocked latch  
The latch RegisterSelectB_reg[0] cannot be properly analyzed as its control pin RegisterSelectB_reg[0]/G is not reached by a timing clock
Related violations: <none>

TIMING-20#12 Warning
Non-clocked latch  
The latch RegisterSelectB_reg[1] cannot be properly analyzed as its control pin RegisterSelectB_reg[1]/G is not reached by a timing clock
Related violations: <none>

TIMING-20#13 Warning
Non-clocked latch  
The latch RegisterSelectB_reg[2] cannot be properly analyzed as its control pin RegisterSelectB_reg[2]/G is not reached by a timing clock
Related violations: <none>


