
*** Running vivado
    with args -log mux_8_way_4_bit.vds -m64 -product Vivado -mode batch -messageDb vivado.pb -notrace -source mux_8_way_4_bit.tcl


****** Vivado v2018.1 (64-bit)
  **** SW Build 2188600 on Wed Apr  4 18:40:38 MDT 2018
  **** IP Build 2185939 on Wed Apr  4 20:55:05 MDT 2018
    ** Copyright 1986-2018 Xilinx, Inc. All Rights Reserved.

source mux_8_way_4_bit.tcl -notrace
Command: synth_design -top mux_8_way_4_bit -part xc7a35tcpg236-1
Starting synth_design
Attempting to get a license for feature 'Synthesis' and/or device 'xc7a35t'
INFO: [Common 17-349] Got license for feature 'Synthesis' and/or device 'xc7a35t'
INFO: Launching helper process for spawning children vivado processes
INFO: Helper process launched with PID 6884 
---------------------------------------------------------------------------------
Starting Synthesize : Time (s): cpu = 00:00:03 ; elapsed = 00:00:05 . Memory (MB): peak = 416.355 ; gain = 96.723
---------------------------------------------------------------------------------
INFO: [Synth 8-638] synthesizing module 'mux_8_way_4_bit' [C:/Users/DELL/Documents/NanoProcessor/8_1_4_bit_mux/8_1_4_bit_mux.srcs/sources_1/new/mux_8_way_4_bit.vhd:47]
INFO: [Synth 8-226] default block is never used [C:/Users/DELL/Documents/NanoProcessor/8_1_4_bit_mux/8_1_4_bit_mux.srcs/sources_1/new/mux_8_way_4_bit.vhd:52]
WARNING: [Synth 8-614] signal 'Reg_0' is read in the process but is not in the sensitivity list [C:/Users/DELL/Documents/NanoProcessor/8_1_4_bit_mux/8_1_4_bit_mux.srcs/sources_1/new/mux_8_way_4_bit.vhd:50]
WARNING: [Synth 8-614] signal 'Reg_1' is read in the process but is not in the sensitivity list [C:/Users/DELL/Documents/NanoProcessor/8_1_4_bit_mux/8_1_4_bit_mux.srcs/sources_1/new/mux_8_way_4_bit.vhd:50]
WARNING: [Synth 8-614] signal 'Reg_2' is read in the process but is not in the sensitivity list [C:/Users/DELL/Documents/NanoProcessor/8_1_4_bit_mux/8_1_4_bit_mux.srcs/sources_1/new/mux_8_way_4_bit.vhd:50]
WARNING: [Synth 8-614] signal 'Reg_3' is read in the process but is not in the sensitivity list [C:/Users/DELL/Documents/NanoProcessor/8_1_4_bit_mux/8_1_4_bit_mux.srcs/sources_1/new/mux_8_way_4_bit.vhd:50]
WARNING: [Synth 8-614] signal 'Reg_4' is read in the process but is not in the sensitivity list [C:/Users/DELL/Documents/NanoProcessor/8_1_4_bit_mux/8_1_4_bit_mux.srcs/sources_1/new/mux_8_way_4_bit.vhd:50]
WARNING: [Synth 8-614] signal 'Reg_5' is read in the process but is not in the sensitivity list [C:/Users/DELL/Documents/NanoProcessor/8_1_4_bit_mux/8_1_4_bit_mux.srcs/sources_1/new/mux_8_way_4_bit.vhd:50]
WARNING: [Synth 8-614] signal 'Reg_6' is read in the process but is not in the sensitivity list [C:/Users/DELL/Documents/NanoProcessor/8_1_4_bit_mux/8_1_4_bit_mux.srcs/sources_1/new/mux_8_way_4_bit.vhd:50]
WARNING: [Synth 8-614] signal 'Reg_7' is read in the process but is not in the sensitivity list [C:/Users/DELL/Documents/NanoProcessor/8_1_4_bit_mux/8_1_4_bit_mux.srcs/sources_1/new/mux_8_way_4_bit.vhd:50]
INFO: [Synth 8-256] done synthesizing module 'mux_8_way_4_bit' (1#1) [C:/Users/DELL/Documents/NanoProcessor/8_1_4_bit_mux/8_1_4_bit_mux.srcs/sources_1/new/mux_8_way_4_bit.vhd:47]
---------------------------------------------------------------------------------
Finished Synthesize : Time (s): cpu = 00:00:04 ; elapsed = 00:00:05 . Memory (MB): peak = 471.535 ; gain = 151.902
---------------------------------------------------------------------------------
---------------------------------------------------------------------------------
Finished Constraint Validation : Time (s): cpu = 00:00:04 ; elapsed = 00:00:05 . Memory (MB): peak = 471.535 ; gain = 151.902
---------------------------------------------------------------------------------
---------------------------------------------------------------------------------
Start Loading Part and Timing Information
---------------------------------------------------------------------------------
Loading part: xc7a35tcpg236-1
---------------------------------------------------------------------------------
Finished Loading Part and Timing Information : Time (s): cpu = 00:00:04 ; elapsed = 00:00:05 . Memory (MB): peak = 471.535 ; gain = 151.902
---------------------------------------------------------------------------------
INFO: [Device 21-403] Loading part xc7a35tcpg236-1
---------------------------------------------------------------------------------
Finished RTL Optimization Phase 2 : Time (s): cpu = 00:00:04 ; elapsed = 00:00:06 . Memory (MB): peak = 471.535 ; gain = 151.902
---------------------------------------------------------------------------------

Report RTL Partitions: 
+-+--------------+------------+----------+
| |RTL Partition |Replication |Instances |
+-+--------------+------------+----------+
+-+--------------+------------+----------+
No constraint files found.
---------------------------------------------------------------------------------
Start RTL Component Statistics 
---------------------------------------------------------------------------------
Detailed RTL Component Info : 
---------------------------------------------------------------------------------
Finished RTL Component Statistics 
---------------------------------------------------------------------------------
---------------------------------------------------------------------------------
Start RTL Hierarchical Component Statistics 
---------------------------------------------------------------------------------
Hierarchical RTL Component report 
---------------------------------------------------------------------------------
Finished RTL Hierarchical Component Statistics
---------------------------------------------------------------------------------
---------------------------------------------------------------------------------
Start Part Resource Summary
---------------------------------------------------------------------------------
Part Resources:
DSPs: 90 (col length:60)
BRAMs: 100 (col length: RAMB18 60 RAMB36 30)
---------------------------------------------------------------------------------
Finished Part Resource Summary
---------------------------------------------------------------------------------
No constraint files found.
---------------------------------------------------------------------------------
Start Cross Boundary and Area Optimization
---------------------------------------------------------------------------------
Warning: Parallel synthesis criteria is not met 
---------------------------------------------------------------------------------
Finished Cross Boundary and Area Optimization : Time (s): cpu = 00:00:07 ; elapsed = 00:00:11 . Memory (MB): peak = 600.656 ; gain = 281.023
---------------------------------------------------------------------------------

Report RTL Partitions: 
+-+--------------+------------+----------+
| |RTL Partition |Replication |Instances |
+-+--------------+------------+----------+
+-+--------------+------------+----------+
No constraint files found.
---------------------------------------------------------------------------------
Start Timing Optimization
---------------------------------------------------------------------------------
---------------------------------------------------------------------------------
Finished Timing Optimization : Time (s): cpu = 00:00:07 ; elapsed = 00:00:11 . Memory (MB): peak = 600.656 ; gain = 281.023
---------------------------------------------------------------------------------

Report RTL Partitions: 
+-+--------------+------------+----------+
| |RTL Partition |Replication |Instances |
+-+--------------+------------+----------+
+-+--------------+------------+----------+
---------------------------------------------------------------------------------
Start Technology Mapping
---------------------------------------------------------------------------------
---------------------------------------------------------------------------------
Finished Technology Mapping : Time (s): cpu = 00:00:07 ; elapsed = 00:00:11 . Memory (MB): peak = 600.656 ; gain = 281.023
---------------------------------------------------------------------------------

Report RTL Partitions: 
+-+--------------+------------+----------+
| |RTL Partition |Replication |Instances |
+-+--------------+------------+----------+
+-+--------------+------------+----------+
---------------------------------------------------------------------------------
Start IO Insertion
---------------------------------------------------------------------------------
---------------------------------------------------------------------------------
Start Flattening Before IO Insertion
---------------------------------------------------------------------------------
---------------------------------------------------------------------------------
Finished Flattening Before IO Insertion
---------------------------------------------------------------------------------
---------------------------------------------------------------------------------
Start Final Netlist Cleanup
---------------------------------------------------------------------------------
---------------------------------------------------------------------------------
Finished Final Netlist Cleanup
---------------------------------------------------------------------------------
---------------------------------------------------------------------------------
Finished IO Insertion : Time (s): cpu = 00:00:07 ; elapsed = 00:00:11 . Memory (MB): peak = 600.656 ; gain = 281.023
---------------------------------------------------------------------------------

Report Check Netlist: 
+------+------------------+-------+---------+-------+------------------+
|      |Item              |Errors |Warnings |Status |Description       |
+------+------------------+-------+---------+-------+------------------+
|1     |multi_driven_nets |      0|        0|Passed |Multi driven nets |
+------+------------------+-------+---------+-------+------------------+
---------------------------------------------------------------------------------
Start Renaming Generated Instances
---------------------------------------------------------------------------------
---------------------------------------------------------------------------------
Finished Renaming Generated Instances : Time (s): cpu = 00:00:07 ; elapsed = 00:00:11 . Memory (MB): peak = 600.656 ; gain = 281.023
---------------------------------------------------------------------------------

Report RTL Partitions: 
+-+--------------+------------+----------+
| |RTL Partition |Replication |Instances |
+-+--------------+------------+----------+
+-+--------------+------------+----------+
---------------------------------------------------------------------------------
Start Rebuilding User Hierarchy
---------------------------------------------------------------------------------
---------------------------------------------------------------------------------
Finished Rebuilding User Hierarchy : Time (s): cpu = 00:00:07 ; elapsed = 00:00:11 . Memory (MB): peak = 600.656 ; gain = 281.023
---------------------------------------------------------------------------------
---------------------------------------------------------------------------------
Start Renaming Generated Ports
---------------------------------------------------------------------------------
---------------------------------------------------------------------------------
Finished Renaming Generated Ports : Time (s): cpu = 00:00:07 ; elapsed = 00:00:11 . Memory (MB): peak = 600.656 ; gain = 281.023
---------------------------------------------------------------------------------
---------------------------------------------------------------------------------
Start Handling Custom Attributes
---------------------------------------------------------------------------------
---------------------------------------------------------------------------------
Finished Handling Custom Attributes : Time (s): cpu = 00:00:07 ; elapsed = 00:00:11 . Memory (MB): peak = 600.656 ; gain = 281.023
---------------------------------------------------------------------------------
---------------------------------------------------------------------------------
Start Renaming Generated Nets
---------------------------------------------------------------------------------
---------------------------------------------------------------------------------
Finished Renaming Generated Nets : Time (s): cpu = 00:00:07 ; elapsed = 00:00:11 . Memory (MB): peak = 600.656 ; gain = 281.023
---------------------------------------------------------------------------------
---------------------------------------------------------------------------------
Start Writing Synthesis Report
---------------------------------------------------------------------------------

Report BlackBoxes: 
+-+--------------+----------+
| |BlackBox name |Instances |
+-+--------------+----------+
+-+--------------+----------+

Report Cell Usage: 
+------+------+------+
|      |Cell  |Count |
+------+------+------+
|1     |LUT6  |     8|
|2     |MUXF7 |     4|
|3     |IBUF  |    35|
|4     |OBUF  |     4|
+------+------+------+

Report Instance Areas: 
+------+---------+-------+------+
|      |Instance |Module |Cells |
+------+---------+-------+------+
|1     |top      |       |    51|
+------+---------+-------+------+
---------------------------------------------------------------------------------
Finished Writing Synthesis Report : Time (s): cpu = 00:00:07 ; elapsed = 00:00:11 . Memory (MB): peak = 600.656 ; gain = 281.023
---------------------------------------------------------------------------------
Synthesis finished with 0 errors, 0 critical warnings and 8 warnings.
Synthesis Optimization Runtime : Time (s): cpu = 00:00:07 ; elapsed = 00:00:11 . Memory (MB): peak = 600.656 ; gain = 281.023
Synthesis Optimization Complete : Time (s): cpu = 00:00:07 ; elapsed = 00:00:11 . Memory (MB): peak = 600.656 ; gain = 281.023
INFO: [Project 1-571] Translating synthesized netlist
INFO: [Netlist 29-17] Analyzing 39 Unisim elements for replacement
INFO: [Netlist 29-28] Unisim Transformation completed in 0 CPU seconds
INFO: [Project 1-570] Preparing netlist for logic optimization
INFO: [Opt 31-138] Pushed 0 inverter(s) to 0 load pin(s).
INFO: [Project 1-111] Unisim Transformation Summary:
No Unisim elements were transformed.

INFO: [Common 17-83] Releasing license: Synthesis
12 Infos, 8 Warnings, 0 Critical Warnings and 0 Errors encountered.
synth_design completed successfully
synth_design: Time (s): cpu = 00:00:10 ; elapsed = 00:00:15 . Memory (MB): peak = 702.609 ; gain = 395.684
INFO: [Common 17-1381] The checkpoint 'C:/Users/DELL/Documents/NanoProcessor/8_1_4_bit_mux/8_1_4_bit_mux.runs/synth_1/mux_8_way_4_bit.dcp' has been generated.
INFO: [runtcl-4] Executing : report_utilization -file mux_8_way_4_bit_utilization_synth.rpt -pb mux_8_way_4_bit_utilization_synth.pb
report_utilization: Time (s): cpu = 00:00:00 ; elapsed = 00:00:00.015 . Memory (MB): peak = 702.609 ; gain = 0.000
INFO: [Common 17-206] Exiting Vivado at Wed May 31 14:20:31 2023...
